Analysis & Synthesis report for VGAController
Fri Aug 15 18:13:06 2025
Quartus Prime Version 20.1.1 Build 720 11/11/2020 SJ Lite Edition


---------------------
; Table of Contents ;
---------------------
  1. Legal Notice
  2. Analysis & Synthesis Summary
  3. Analysis & Synthesis Settings
  4. Parallel Compilation
  5. Analysis & Synthesis Source Files Read
  6. Analysis & Synthesis Resource Usage Summary
  7. Analysis & Synthesis Resource Utilization by Entity
  8. Analysis & Synthesis RAM Summary
  9. Analysis & Synthesis DSP Block Usage Summary
 10. User-Specified and Inferred Latches
 11. Registers Removed During Synthesis
 12. General Register Statistics
 13. Registers Packed Into Inferred Megafunctions
 14. Source assignments for rom:rom_initdata|altsyncram:mem_rtl_0|altsyncram_l9d1:auto_generated
 15. Parameter Settings for User Entity Instance: Top-level Entity: |vga_controller
 16. Parameter Settings for User Entity Instance: clock25MGenerator:clock25M
 17. Parameter Settings for User Entity Instance: horizontal_counter:horzCounter
 18. Parameter Settings for User Entity Instance: vertical_counter:vertCounter
 19. Parameter Settings for User Entity Instance: horz_sync_generator:horzSYNC
 20. Parameter Settings for User Entity Instance: vert_sync_generator:vertSYNC
 21. Parameter Settings for User Entity Instance: x_y_pixelGenerator:x_y_pixels
 22. Parameter Settings for User Entity Instance: rom:rom_initdata
 23. Parameter Settings for User Entity Instance: sync:pb_sync
 24. Parameter Settings for Inferred Entity Instance: rom:rom_initdata|altsyncram:mem_rtl_0
 25. altsyncram Parameter Settings by Entity Instance
 26. Post-Synthesis Netlist Statistics for Top Partition
 27. Elapsed Time Per Partition
 28. Analysis & Synthesis Messages



----------------
; Legal Notice ;
----------------
Copyright (C) 2020  Intel Corporation. All rights reserved.
Your use of Intel Corporation's design tools, logic functions 
and other software and tools, and any partner logic 
functions, and any output files from any of the foregoing 
(including device programming or simulation files), and any 
associated documentation or information are expressly subject 
to the terms and conditions of the Intel Program License 
Subscription Agreement, the Intel Quartus Prime License Agreement,
the Intel FPGA IP License Agreement, or other applicable license
agreement, including, without limitation, that your use is for
the sole purpose of programming logic devices manufactured by
Intel and sold by Intel or its authorized distributors.  Please
refer to the applicable agreement for further details, at
https://fpgasoftware.intel.com/eula.



+-------------------------------------------------------------------------------+
; Analysis & Synthesis Summary                                                  ;
+---------------------------------+---------------------------------------------+
; Analysis & Synthesis Status     ; Successful - Fri Aug 15 18:13:06 2025       ;
; Quartus Prime Version           ; 20.1.1 Build 720 11/11/2020 SJ Lite Edition ;
; Revision Name                   ; VGAController                               ;
; Top-level Entity Name           ; vga_controller                              ;
; Family                          ; Cyclone V                                   ;
; Logic utilization (in ALMs)     ; N/A                                         ;
; Total registers                 ; 73                                          ;
; Total pins                      ; 13                                          ;
; Total virtual pins              ; 0                                           ;
; Total block memory bits         ; 2,097,152                                   ;
; Total DSP Blocks                ; 1                                           ;
; Total HSSI RX PCSs              ; 0                                           ;
; Total HSSI PMA RX Deserializers ; 0                                           ;
; Total HSSI TX PCSs              ; 0                                           ;
; Total HSSI PMA TX Serializers   ; 0                                           ;
; Total PLLs                      ; 0                                           ;
; Total DLLs                      ; 0                                           ;
+---------------------------------+---------------------------------------------+


+---------------------------------------------------------------------------------------------------------------------------+
; Analysis & Synthesis Settings                                                                                             ;
+---------------------------------------------------------------------------------+--------------------+--------------------+
; Option                                                                          ; Setting            ; Default Value      ;
+---------------------------------------------------------------------------------+--------------------+--------------------+
; Device                                                                          ; 5CGXFC5C6F27C7     ;                    ;
; Top-level entity name                                                           ; vga_controller     ; VGAController      ;
; Family name                                                                     ; Cyclone V          ; Cyclone V          ;
; Use smart compilation                                                           ; Off                ; Off                ;
; Enable parallel Assembler and Timing Analyzer during compilation                ; On                 ; On                 ;
; Enable compact report table                                                     ; Off                ; Off                ;
; Restructure Multiplexers                                                        ; Auto               ; Auto               ;
; MLAB Add Timing Constraints For Mixed-Port Feed-Through Mode Setting Don't Care ; Off                ; Off                ;
; Create Debugging Nodes for IP Cores                                             ; Off                ; Off                ;
; Preserve fewer node names                                                       ; On                 ; On                 ;
; Intel FPGA IP Evaluation Mode                                                   ; Enable             ; Enable             ;
; Verilog Version                                                                 ; Verilog_2001       ; Verilog_2001       ;
; VHDL Version                                                                    ; VHDL_1993          ; VHDL_1993          ;
; State Machine Processing                                                        ; Auto               ; Auto               ;
; Safe State Machine                                                              ; Off                ; Off                ;
; Extract Verilog State Machines                                                  ; On                 ; On                 ;
; Extract VHDL State Machines                                                     ; On                 ; On                 ;
; Ignore Verilog initial constructs                                               ; Off                ; Off                ;
; Iteration limit for constant Verilog loops                                      ; 5000               ; 5000               ;
; Iteration limit for non-constant Verilog loops                                  ; 250                ; 250                ;
; Add Pass-Through Logic to Inferred RAMs                                         ; On                 ; On                 ;
; Infer RAMs from Raw Logic                                                       ; On                 ; On                 ;
; Parallel Synthesis                                                              ; On                 ; On                 ;
; DSP Block Balancing                                                             ; Auto               ; Auto               ;
; NOT Gate Push-Back                                                              ; On                 ; On                 ;
; Power-Up Don't Care                                                             ; On                 ; On                 ;
; Remove Redundant Logic Cells                                                    ; Off                ; Off                ;
; Remove Duplicate Registers                                                      ; On                 ; On                 ;
; Ignore CARRY Buffers                                                            ; Off                ; Off                ;
; Ignore CASCADE Buffers                                                          ; Off                ; Off                ;
; Ignore GLOBAL Buffers                                                           ; Off                ; Off                ;
; Ignore ROW GLOBAL Buffers                                                       ; Off                ; Off                ;
; Ignore LCELL Buffers                                                            ; Off                ; Off                ;
; Ignore SOFT Buffers                                                             ; On                 ; On                 ;
; Limit AHDL Integers to 32 Bits                                                  ; Off                ; Off                ;
; Optimization Technique                                                          ; Balanced           ; Balanced           ;
; Carry Chain Length                                                              ; 70                 ; 70                 ;
; Auto Carry Chains                                                               ; On                 ; On                 ;
; Auto Open-Drain Pins                                                            ; On                 ; On                 ;
; Perform WYSIWYG Primitive Resynthesis                                           ; Off                ; Off                ;
; Auto ROM Replacement                                                            ; On                 ; On                 ;
; Auto RAM Replacement                                                            ; On                 ; On                 ;
; Auto DSP Block Replacement                                                      ; On                 ; On                 ;
; Auto Shift Register Replacement                                                 ; Auto               ; Auto               ;
; Allow Shift Register Merging across Hierarchies                                 ; Auto               ; Auto               ;
; Auto Clock Enable Replacement                                                   ; On                 ; On                 ;
; Strict RAM Replacement                                                          ; Off                ; Off                ;
; Allow Synchronous Control Signals                                               ; On                 ; On                 ;
; Force Use of Synchronous Clear Signals                                          ; Off                ; Off                ;
; Auto Resource Sharing                                                           ; Off                ; Off                ;
; Allow Any RAM Size For Recognition                                              ; Off                ; Off                ;
; Allow Any ROM Size For Recognition                                              ; Off                ; Off                ;
; Allow Any Shift Register Size For Recognition                                   ; Off                ; Off                ;
; Use LogicLock Constraints during Resource Balancing                             ; On                 ; On                 ;
; Ignore translate_off and synthesis_off directives                               ; Off                ; Off                ;
; Timing-Driven Synthesis                                                         ; On                 ; On                 ;
; Report Parameter Settings                                                       ; On                 ; On                 ;
; Report Source Assignments                                                       ; On                 ; On                 ;
; Report Connectivity Checks                                                      ; On                 ; On                 ;
; Ignore Maximum Fan-Out Assignments                                              ; Off                ; Off                ;
; Synchronization Register Chain Length                                           ; 3                  ; 3                  ;
; Power Optimization During Synthesis                                             ; Normal compilation ; Normal compilation ;
; HDL message level                                                               ; Level2             ; Level2             ;
; Suppress Register Optimization Related Messages                                 ; Off                ; Off                ;
; Number of Removed Registers Reported in Synthesis Report                        ; 5000               ; 5000               ;
; Number of Swept Nodes Reported in Synthesis Report                              ; 5000               ; 5000               ;
; Number of Inverted Registers Reported in Synthesis Report                       ; 100                ; 100                ;
; Clock MUX Protection                                                            ; On                 ; On                 ;
; Auto Gated Clock Conversion                                                     ; Off                ; Off                ;
; Block Design Naming                                                             ; Auto               ; Auto               ;
; SDC constraint protection                                                       ; Off                ; Off                ;
; Synthesis Effort                                                                ; Auto               ; Auto               ;
; Shift Register Replacement - Allow Asynchronous Clear Signal                    ; On                 ; On                 ;
; Pre-Mapping Resynthesis Optimization                                            ; Off                ; Off                ;
; Analysis & Synthesis Message Level                                              ; Medium             ; Medium             ;
; Disable Register Merging Across Hierarchies                                     ; Auto               ; Auto               ;
; Resource Aware Inference For Block RAM                                          ; On                 ; On                 ;
; Automatic Parallel Synthesis                                                    ; On                 ; On                 ;
; Partial Reconfiguration Bitstream ID                                            ; Off                ; Off                ;
+---------------------------------------------------------------------------------+--------------------+--------------------+


+------------------------------------------+
; Parallel Compilation                     ;
+----------------------------+-------------+
; Processors                 ; Number      ;
+----------------------------+-------------+
; Number detected on machine ; 8           ;
; Maximum allowed            ; 4           ;
;                            ;             ;
; Average used               ; 1.00        ;
; Maximum used               ; 4           ;
;                            ;             ;
; Usage by Processor         ; % Time Used ;
;     Processor 1            ; 100.0%      ;
;     Processor 2            ;   0.0%      ;
;     Processor 3            ;   0.0%      ;
;     Processor 4            ;   0.0%      ;
+----------------------------+-------------+


+----------------------------------------------------------------------------------------------------------------------------------------------------------------------------------------------------------+
; Analysis & Synthesis Source Files Read                                                                                                                                                                   ;
+------------------------------------------------------+-----------------+----------------------------------------+------------------------------------------------------------------------------+---------+
; File Name with User-Entered Path                     ; Used in Netlist ; File Type                              ; File Name with Absolute Path                                                 ; Library ;
+------------------------------------------------------+-----------------+----------------------------------------+------------------------------------------------------------------------------+---------+
; ../src/sync.v                                        ; yes             ; User Verilog HDL File                  ; C:/VerilogNew/VGAController/src/sync.v                                       ;         ;
; ../src/counter2bit.v                                 ; yes             ; User Verilog HDL File                  ; C:/VerilogNew/VGAController/src/counter2bit.v                                ;         ;
; ../src/clock25MGenerator.v                           ; yes             ; User Verilog HDL File                  ; C:/VerilogNew/VGAController/src/clock25MGenerator.v                          ;         ;
; ../src/horizontal_counter.v                          ; yes             ; User Verilog HDL File                  ; C:/VerilogNew/VGAController/src/horizontal_counter.v                         ;         ;
; ../src/vertical_counter.v                            ; yes             ; User Verilog HDL File                  ; C:/VerilogNew/VGAController/src/vertical_counter.v                           ;         ;
; ../src/horz_sync_generator.v                         ; yes             ; User Verilog HDL File                  ; C:/VerilogNew/VGAController/src/horz_sync_generator.v                        ;         ;
; ../src/vert_sync_generator.v                         ; yes             ; User Verilog HDL File                  ; C:/VerilogNew/VGAController/src/vert_sync_generator.v                        ;         ;
; ../src/x_y_pixelGenerator.v                          ; yes             ; User Verilog HDL File                  ; C:/VerilogNew/VGAController/src/x_y_pixelGenerator.v                         ;         ;
; ../src/rom.v                                         ; yes             ; User Verilog HDL File                  ; C:/VerilogNew/VGAController/src/rom.v                                        ;         ;
; ../src/vga_controller.v                              ; yes             ; User Verilog HDL File                  ; C:/VerilogNew/VGAController/src/vga_controller.v                             ;         ;
; altsyncram.tdf                                       ; yes             ; Megafunction                           ; c:/intelfpga_lite/20.1/quartus/libraries/megafunctions/altsyncram.tdf        ;         ;
; stratix_ram_block.inc                                ; yes             ; Megafunction                           ; c:/intelfpga_lite/20.1/quartus/libraries/megafunctions/stratix_ram_block.inc ;         ;
; lpm_mux.inc                                          ; yes             ; Megafunction                           ; c:/intelfpga_lite/20.1/quartus/libraries/megafunctions/lpm_mux.inc           ;         ;
; lpm_decode.inc                                       ; yes             ; Megafunction                           ; c:/intelfpga_lite/20.1/quartus/libraries/megafunctions/lpm_decode.inc        ;         ;
; aglobal201.inc                                       ; yes             ; Megafunction                           ; c:/intelfpga_lite/20.1/quartus/libraries/megafunctions/aglobal201.inc        ;         ;
; a_rdenreg.inc                                        ; yes             ; Megafunction                           ; c:/intelfpga_lite/20.1/quartus/libraries/megafunctions/a_rdenreg.inc         ;         ;
; altrom.inc                                           ; yes             ; Megafunction                           ; c:/intelfpga_lite/20.1/quartus/libraries/megafunctions/altrom.inc            ;         ;
; altram.inc                                           ; yes             ; Megafunction                           ; c:/intelfpga_lite/20.1/quartus/libraries/megafunctions/altram.inc            ;         ;
; altdpram.inc                                         ; yes             ; Megafunction                           ; c:/intelfpga_lite/20.1/quartus/libraries/megafunctions/altdpram.inc          ;         ;
; db/altsyncram_l9d1.tdf                               ; yes             ; Auto-Generated Megafunction            ; C:/VerilogNew/VGAController/par/db/altsyncram_l9d1.tdf                       ;         ;
; /verilognew/vgacontroller/sim/bitmap/many_photos.mif ; yes             ; Auto-Found Memory Initialization File  ; /verilognew/vgacontroller/sim/bitmap/many_photos.mif                         ;         ;
; db/mux_chb.tdf                                       ; yes             ; Auto-Generated Megafunction            ; C:/VerilogNew/VGAController/par/db/mux_chb.tdf                               ;         ;
+------------------------------------------------------+-----------------+----------------------------------------+------------------------------------------------------------------------------+---------+


+------------------------------------------------------------------------------+
; Analysis & Synthesis Resource Usage Summary                                  ;
+---------------------------------------------+--------------------------------+
; Resource                                    ; Usage                          ;
+---------------------------------------------+--------------------------------+
; Estimate of Logic utilization (ALMs needed) ; 124                            ;
;                                             ;                                ;
; Combinational ALUT usage for logic          ; 159                            ;
;     -- 7 input functions                    ; 0                              ;
;     -- 6 input functions                    ; 83                             ;
;     -- 5 input functions                    ; 12                             ;
;     -- 4 input functions                    ; 28                             ;
;     -- <=3 input functions                  ; 36                             ;
;                                             ;                                ;
; Dedicated logic registers                   ; 73                             ;
;                                             ;                                ;
; I/O pins                                    ; 13                             ;
; Total MLAB memory bits                      ; 0                              ;
; Total block memory bits                     ; 2097152                        ;
;                                             ;                                ;
; Total DSP Blocks                            ; 1                              ;
;                                             ;                                ;
; Maximum fan-out node                        ; clock25MGenerator:clock25M|out ;
; Maximum fan-out                             ; 321                            ;
; Total fan-out                               ; 4919                           ;
; Average fan-out                             ; 9.55                           ;
+---------------------------------------------+--------------------------------+


+---------------------------------------------------------------------------------------------------------------------------------------------------------------------------------------------------------------------------------------------------------------------------------------------+
; Analysis & Synthesis Resource Utilization by Entity                                                                                                                                                                                                                                         ;
+-------------------------------------------+---------------------+---------------------------+-------------------+------------+------+--------------+---------------------------------------------------------------------------------------------------+---------------------+--------------+
; Compilation Hierarchy Node                ; Combinational ALUTs ; Dedicated Logic Registers ; Block Memory Bits ; DSP Blocks ; Pins ; Virtual Pins ; Full Hierarchy Name                                                                               ; Entity Name         ; Library Name ;
+-------------------------------------------+---------------------+---------------------------+-------------------+------------+------+--------------+---------------------------------------------------------------------------------------------------+---------------------+--------------+
; |vga_controller                           ; 159 (0)             ; 73 (0)                    ; 2097152           ; 1          ; 13   ; 0            ; |vga_controller                                                                                   ; vga_controller      ; work         ;
;    |clock25MGenerator:clock25M|           ; 1 (1)               ; 2 (2)                     ; 0                 ; 0          ; 0    ; 0            ; |vga_controller|clock25MGenerator:clock25M                                                        ; clock25MGenerator   ; work         ;
;    |counter2bit:counter|                  ; 2 (2)               ; 4 (4)                     ; 0                 ; 0          ; 0    ; 0            ; |vga_controller|counter2bit:counter                                                               ; counter2bit         ; work         ;
;    |horizontal_counter:horzCounter|       ; 13 (13)             ; 21 (21)                   ; 0                 ; 0          ; 0    ; 0            ; |vga_controller|horizontal_counter:horzCounter                                                    ; horizontal_counter  ; work         ;
;    |horz_sync_generator:horzSYNC|         ; 4 (4)               ; 0 (0)                     ; 0                 ; 0          ; 0    ; 0            ; |vga_controller|horz_sync_generator:horzSYNC                                                      ; horz_sync_generator ; work         ;
;    |rom:rom_initdata|                     ; 108 (28)            ; 24 (19)                   ; 2097152           ; 1          ; 0    ; 0            ; |vga_controller|rom:rom_initdata                                                                  ; rom                 ; work         ;
;       |altsyncram:mem_rtl_0|              ; 80 (0)              ; 5 (0)                     ; 2097152           ; 0          ; 0    ; 0            ; |vga_controller|rom:rom_initdata|altsyncram:mem_rtl_0                                             ; altsyncram          ; work         ;
;          |altsyncram_l9d1:auto_generated| ; 80 (0)              ; 5 (5)                     ; 2097152           ; 0          ; 0    ; 0            ; |vga_controller|rom:rom_initdata|altsyncram:mem_rtl_0|altsyncram_l9d1:auto_generated              ; altsyncram_l9d1     ; work         ;
;             |mux_chb:mux2|                ; 80 (80)             ; 0 (0)                     ; 0                 ; 0          ; 0    ; 0            ; |vga_controller|rom:rom_initdata|altsyncram:mem_rtl_0|altsyncram_l9d1:auto_generated|mux_chb:mux2 ; mux_chb             ; work         ;
;    |sync:pb_sync|                         ; 1 (1)               ; 2 (2)                     ; 0                 ; 0          ; 0    ; 0            ; |vga_controller|sync:pb_sync                                                                      ; sync                ; work         ;
;    |vert_sync_generator:vertSYNC|         ; 7 (7)               ; 0 (0)                     ; 0                 ; 0          ; 0    ; 0            ; |vga_controller|vert_sync_generator:vertSYNC                                                      ; vert_sync_generator ; work         ;
;    |vertical_counter:vertCounter|         ; 13 (13)             ; 20 (20)                   ; 0                 ; 0          ; 0    ; 0            ; |vga_controller|vertical_counter:vertCounter                                                      ; vertical_counter    ; work         ;
;    |x_y_pixelGenerator:x_y_pixels|        ; 10 (10)             ; 0 (0)                     ; 0                 ; 0          ; 0    ; 0            ; |vga_controller|x_y_pixelGenerator:x_y_pixels                                                     ; x_y_pixelGenerator  ; work         ;
+-------------------------------------------+---------------------+---------------------------+-------------------+------------+------+--------------+---------------------------------------------------------------------------------------------------+---------------------+--------------+
Note: For table entries with two numbers listed, the numbers in parentheses indicate the number of resources of the given type used by the specific entity alone. The numbers listed outside of parentheses indicate the total resources of the given type used by the specific entity and all of its sub-entities in the hierarchy.


+-----------------------------------------------------------------------------------------------------------------------------------------------------------------------------------------------------+
; Analysis & Synthesis RAM Summary                                                                                                                                                                    ;
+---------------------------------------------------------------------------------+------+------+--------------+--------------+--------------+--------------+---------+-------------------------------+
; Name                                                                            ; Type ; Mode ; Port A Depth ; Port A Width ; Port B Depth ; Port B Width ; Size    ; MIF                           ;
+---------------------------------------------------------------------------------+------+------+--------------+--------------+--------------+--------------+---------+-------------------------------+
; rom:rom_initdata|altsyncram:mem_rtl_0|altsyncram_l9d1:auto_generated|ALTSYNCRAM ; AUTO ; ROM  ; 262144       ; 8            ; --           ; --           ; 2097152 ; ../sim/bitmap/many_photos.mif ;
+---------------------------------------------------------------------------------+------+------+--------------+--------------+--------------+--------------+---------+-------------------------------+


+-----------------------------------------------+
; Analysis & Synthesis DSP Block Usage Summary  ;
+---------------------------------+-------------+
; Statistic                       ; Number Used ;
+---------------------------------+-------------+
; Independent 18x18 plus 36       ; 1           ;
; Total number of DSP blocks      ; 1           ;
;                                 ;             ;
; Fixed Point Unsigned Multiplier ; 1           ;
+---------------------------------+-------------+


+---------------------------------------------------------------------------------------------------+
; User-Specified and Inferred Latches                                                               ;
+----------------------------------------------------+---------------------+------------------------+
; Latch Name                                         ; Latch Enable Signal ; Free of Timing Hazards ;
+----------------------------------------------------+---------------------+------------------------+
; horz_sync_generator:horzSYNC|hSYNC                 ; GND                 ; yes                    ;
; vert_sync_generator:vertSYNC|vSYNC                 ; GND                 ; yes                    ;
; Number of user-specified and inferred latches = 2  ;                     ;                        ;
+----------------------------------------------------+---------------------+------------------------+
Note: All latches listed above may not be present at the end of synthesis due to various synthesis optimizations.


+--------------------------------------------------------------------------------+
; Registers Removed During Synthesis                                             ;
+---------------------------------------+----------------------------------------+
; Register name                         ; Reason for Removal                     ;
+---------------------------------------+----------------------------------------+
; clock25MGenerator:clock25M|count[1]   ; Stuck at GND due to stuck port data_in ;
; Total Number of Removed Registers = 1 ;                                        ;
+---------------------------------------+----------------------------------------+


+------------------------------------------------------+
; General Register Statistics                          ;
+----------------------------------------------+-------+
; Statistic                                    ; Value ;
+----------------------------------------------+-------+
; Total registers                              ; 73    ;
; Number of registers using Synchronous Clear  ; 38    ;
; Number of registers using Synchronous Load   ; 0     ;
; Number of registers using Asynchronous Clear ; 45    ;
; Number of registers using Asynchronous Load  ; 0     ;
; Number of registers using Clock Enable       ; 48    ;
; Number of registers using Preset             ; 0     ;
+----------------------------------------------+-------+


+-----------------------------------------------------------------+
; Registers Packed Into Inferred Megafunctions                    ;
+-----------------------------+----------------------------+------+
; Register Name               ; Megafunction               ; Type ;
+-----------------------------+----------------------------+------+
; rom:rom_initdata|data[0..7] ; rom:rom_initdata|mem_rtl_0 ; RAM  ;
+-----------------------------+----------------------------+------+


+---------------------------------------------------------------------------------------------+
; Source assignments for rom:rom_initdata|altsyncram:mem_rtl_0|altsyncram_l9d1:auto_generated ;
+---------------------------------+--------------------+------+-------------------------------+
; Assignment                      ; Value              ; From ; To                            ;
+---------------------------------+--------------------+------+-------------------------------+
; OPTIMIZE_POWER_DURING_SYNTHESIS ; NORMAL_COMPILATION ; -    ; -                             ;
+---------------------------------+--------------------+------+-------------------------------+


+--------------------------------------------------------------------------------+
; Parameter Settings for User Entity Instance: Top-level Entity: |vga_controller ;
+-----------------+-------+------------------------------------------------------+
; Parameter Name  ; Value ; Type                                                 ;
+-----------------+-------+------------------------------------------------------+
; HORZ_TOTAL      ; 800   ; Signed Integer                                       ;
; VERT_TOTAL      ; 525   ; Signed Integer                                       ;
; HORZ_SYNC_START ; 656   ; Signed Integer                                       ;
; HORZ_SYNC_WIDTH ; 96    ; Signed Integer                                       ;
; VERT_SYNC_START ; 490   ; Signed Integer                                       ;
; VERT_SYNC_WIDTH ; 2     ; Signed Integer                                       ;
; RGB_WIDTH       ; 8     ; Signed Integer                                       ;
; ADDRESS_WIDTH   ; 18    ; Signed Integer                                       ;
+-----------------+-------+------------------------------------------------------+
Note: In order to hide this table in the UI and the text report file, please set the "Show Parameter Settings in Synthesis Report" option in "Analysis and Synthesis Settings -> More Settings" to "Off".


+-------------------------------------------------------------------------+
; Parameter Settings for User Entity Instance: clock25MGenerator:clock25M ;
+----------------+-------+------------------------------------------------+
; Parameter Name ; Value ; Type                                           ;
+----------------+-------+------------------------------------------------+
; CLOCK_FREQ_M   ; 25    ; Signed Integer                                 ;
+----------------+-------+------------------------------------------------+
Note: In order to hide this table in the UI and the text report file, please set the "Show Parameter Settings in Synthesis Report" option in "Analysis and Synthesis Settings -> More Settings" to "Off".


+-----------------------------------------------------------------------------+
; Parameter Settings for User Entity Instance: horizontal_counter:horzCounter ;
+----------------+-------+----------------------------------------------------+
; Parameter Name ; Value ; Type                                               ;
+----------------+-------+----------------------------------------------------+
; horz_top_count ; 800   ; Signed Integer                                     ;
+----------------+-------+----------------------------------------------------+
Note: In order to hide this table in the UI and the text report file, please set the "Show Parameter Settings in Synthesis Report" option in "Analysis and Synthesis Settings -> More Settings" to "Off".


+---------------------------------------------------------------------------+
; Parameter Settings for User Entity Instance: vertical_counter:vertCounter ;
+----------------+-------+--------------------------------------------------+
; Parameter Name ; Value ; Type                                             ;
+----------------+-------+--------------------------------------------------+
; vert_top_count ; 525   ; Signed Integer                                   ;
+----------------+-------+--------------------------------------------------+
Note: In order to hide this table in the UI and the text report file, please set the "Show Parameter Settings in Synthesis Report" option in "Analysis and Synthesis Settings -> More Settings" to "Off".


+---------------------------------------------------------------------------+
; Parameter Settings for User Entity Instance: horz_sync_generator:horzSYNC ;
+----------------+-------+--------------------------------------------------+
; Parameter Name ; Value ; Type                                             ;
+----------------+-------+--------------------------------------------------+
; sync_value     ; 656   ; Signed Integer                                   ;
; sync_duration  ; 96    ; Signed Integer                                   ;
+----------------+-------+--------------------------------------------------+
Note: In order to hide this table in the UI and the text report file, please set the "Show Parameter Settings in Synthesis Report" option in "Analysis and Synthesis Settings -> More Settings" to "Off".


+---------------------------------------------------------------------------+
; Parameter Settings for User Entity Instance: vert_sync_generator:vertSYNC ;
+----------------+-------+--------------------------------------------------+
; Parameter Name ; Value ; Type                                             ;
+----------------+-------+--------------------------------------------------+
; sync_value     ; 490   ; Signed Integer                                   ;
; sync_duration  ; 2     ; Signed Integer                                   ;
+----------------+-------+--------------------------------------------------+
Note: In order to hide this table in the UI and the text report file, please set the "Show Parameter Settings in Synthesis Report" option in "Analysis and Synthesis Settings -> More Settings" to "Off".


+----------------------------------------------------------------------------+
; Parameter Settings for User Entity Instance: x_y_pixelGenerator:x_y_pixels ;
+-------------------+-------+------------------------------------------------+
; Parameter Name    ; Value ; Type                                           ;
+-------------------+-------+------------------------------------------------+
; horz_visible_area ; 640   ; Signed Integer                                 ;
; vert_visible_area ; 480   ; Signed Integer                                 ;
+-------------------+-------+------------------------------------------------+
Note: In order to hide this table in the UI and the text report file, please set the "Show Parameter Settings in Synthesis Report" option in "Analysis and Synthesis Settings -> More Settings" to "Off".


+---------------------------------------------------------------+
; Parameter Settings for User Entity Instance: rom:rom_initdata ;
+-------------------+-------+-----------------------------------+
; Parameter Name    ; Value ; Type                              ;
+-------------------+-------+-----------------------------------+
; DATA_WIDTH        ; 8     ; Signed Integer                    ;
; ADDS_WIDTH        ; 18    ; Signed Integer                    ;
; horz_visible_area ; 640   ; Signed Integer                    ;
+-------------------+-------+-----------------------------------+
Note: In order to hide this table in the UI and the text report file, please set the "Show Parameter Settings in Synthesis Report" option in "Analysis and Synthesis Settings -> More Settings" to "Off".


+-----------------------------------------------------------+
; Parameter Settings for User Entity Instance: sync:pb_sync ;
+----------------+-------+----------------------------------+
; Parameter Name ; Value ; Type                             ;
+----------------+-------+----------------------------------+
; sig_active     ; 0     ; Signed Integer                   ;
+----------------+-------+----------------------------------+
Note: In order to hide this table in the UI and the text report file, please set the "Show Parameter Settings in Synthesis Report" option in "Analysis and Synthesis Settings -> More Settings" to "Off".


+----------------------------------------------------------------------------------------+
; Parameter Settings for Inferred Entity Instance: rom:rom_initdata|altsyncram:mem_rtl_0 ;
+------------------------------------+-------------------------------+-------------------+
; Parameter Name                     ; Value                         ; Type              ;
+------------------------------------+-------------------------------+-------------------+
; BYTE_SIZE_BLOCK                    ; 8                             ; Untyped           ;
; AUTO_CARRY_CHAINS                  ; ON                            ; AUTO_CARRY        ;
; IGNORE_CARRY_BUFFERS               ; OFF                           ; IGNORE_CARRY      ;
; AUTO_CASCADE_CHAINS                ; ON                            ; AUTO_CASCADE      ;
; IGNORE_CASCADE_BUFFERS             ; OFF                           ; IGNORE_CASCADE    ;
; WIDTH_BYTEENA                      ; 1                             ; Untyped           ;
; OPERATION_MODE                     ; ROM                           ; Untyped           ;
; WIDTH_A                            ; 8                             ; Untyped           ;
; WIDTHAD_A                          ; 18                            ; Untyped           ;
; NUMWORDS_A                         ; 262144                        ; Untyped           ;
; OUTDATA_REG_A                      ; UNREGISTERED                  ; Untyped           ;
; ADDRESS_ACLR_A                     ; NONE                          ; Untyped           ;
; OUTDATA_ACLR_A                     ; NONE                          ; Untyped           ;
; WRCONTROL_ACLR_A                   ; NONE                          ; Untyped           ;
; INDATA_ACLR_A                      ; NONE                          ; Untyped           ;
; BYTEENA_ACLR_A                     ; NONE                          ; Untyped           ;
; WIDTH_B                            ; 1                             ; Untyped           ;
; WIDTHAD_B                          ; 1                             ; Untyped           ;
; NUMWORDS_B                         ; 1                             ; Untyped           ;
; INDATA_REG_B                       ; CLOCK1                        ; Untyped           ;
; WRCONTROL_WRADDRESS_REG_B          ; CLOCK1                        ; Untyped           ;
; RDCONTROL_REG_B                    ; CLOCK1                        ; Untyped           ;
; ADDRESS_REG_B                      ; CLOCK1                        ; Untyped           ;
; OUTDATA_REG_B                      ; UNREGISTERED                  ; Untyped           ;
; BYTEENA_REG_B                      ; CLOCK1                        ; Untyped           ;
; INDATA_ACLR_B                      ; NONE                          ; Untyped           ;
; WRCONTROL_ACLR_B                   ; NONE                          ; Untyped           ;
; ADDRESS_ACLR_B                     ; NONE                          ; Untyped           ;
; OUTDATA_ACLR_B                     ; NONE                          ; Untyped           ;
; RDCONTROL_ACLR_B                   ; NONE                          ; Untyped           ;
; BYTEENA_ACLR_B                     ; NONE                          ; Untyped           ;
; WIDTH_BYTEENA_A                    ; 1                             ; Untyped           ;
; WIDTH_BYTEENA_B                    ; 1                             ; Untyped           ;
; RAM_BLOCK_TYPE                     ; AUTO                          ; Untyped           ;
; BYTE_SIZE                          ; 8                             ; Untyped           ;
; READ_DURING_WRITE_MODE_MIXED_PORTS ; DONT_CARE                     ; Untyped           ;
; READ_DURING_WRITE_MODE_PORT_A      ; NEW_DATA_NO_NBE_READ          ; Untyped           ;
; READ_DURING_WRITE_MODE_PORT_B      ; NEW_DATA_NO_NBE_READ          ; Untyped           ;
; INIT_FILE                          ; ../sim/bitmap/many_photos.mif ; Untyped           ;
; INIT_FILE_LAYOUT                   ; PORT_A                        ; Untyped           ;
; MAXIMUM_DEPTH                      ; 0                             ; Untyped           ;
; CLOCK_ENABLE_INPUT_A               ; NORMAL                        ; Untyped           ;
; CLOCK_ENABLE_INPUT_B               ; NORMAL                        ; Untyped           ;
; CLOCK_ENABLE_OUTPUT_A              ; NORMAL                        ; Untyped           ;
; CLOCK_ENABLE_OUTPUT_B              ; NORMAL                        ; Untyped           ;
; CLOCK_ENABLE_CORE_A                ; USE_INPUT_CLKEN               ; Untyped           ;
; CLOCK_ENABLE_CORE_B                ; USE_INPUT_CLKEN               ; Untyped           ;
; ENABLE_ECC                         ; FALSE                         ; Untyped           ;
; ECC_PIPELINE_STAGE_ENABLED         ; FALSE                         ; Untyped           ;
; WIDTH_ECCSTATUS                    ; 3                             ; Untyped           ;
; DEVICE_FAMILY                      ; Cyclone V                     ; Untyped           ;
; CBXI_PARAMETER                     ; altsyncram_l9d1               ; Untyped           ;
+------------------------------------+-------------------------------+-------------------+
Note: In order to hide this table in the UI and the text report file, please set the "Show Parameter Settings in Synthesis Report" option in "Analysis and Synthesis Settings -> More Settings" to "Off".


+-----------------------------------------------------------------------------------+
; altsyncram Parameter Settings by Entity Instance                                  ;
+-------------------------------------------+---------------------------------------+
; Name                                      ; Value                                 ;
+-------------------------------------------+---------------------------------------+
; Number of entity instances                ; 1                                     ;
; Entity Instance                           ; rom:rom_initdata|altsyncram:mem_rtl_0 ;
;     -- OPERATION_MODE                     ; ROM                                   ;
;     -- WIDTH_A                            ; 8                                     ;
;     -- NUMWORDS_A                         ; 262144                                ;
;     -- OUTDATA_REG_A                      ; UNREGISTERED                          ;
;     -- WIDTH_B                            ; 1                                     ;
;     -- NUMWORDS_B                         ; 1                                     ;
;     -- ADDRESS_REG_B                      ; CLOCK1                                ;
;     -- OUTDATA_REG_B                      ; UNREGISTERED                          ;
;     -- RAM_BLOCK_TYPE                     ; AUTO                                  ;
;     -- READ_DURING_WRITE_MODE_MIXED_PORTS ; DONT_CARE                             ;
+-------------------------------------------+---------------------------------------+


+-----------------------------------------------------+
; Post-Synthesis Netlist Statistics for Top Partition ;
+-----------------------+-----------------------------+
; Type                  ; Count                       ;
+-----------------------+-----------------------------+
; arriav_ff             ; 73                          ;
;     CLR               ; 5                           ;
;     CLR SCLR          ; 20                          ;
;     ENA               ; 28                          ;
;     ENA CLR           ; 2                           ;
;     ENA CLR SCLR      ; 18                          ;
; arriav_lcell_comb     ; 159                         ;
;     arith             ; 38                          ;
;         0 data inputs ; 2                           ;
;         1 data inputs ; 19                          ;
;         2 data inputs ; 1                           ;
;         4 data inputs ; 6                           ;
;         5 data inputs ; 10                          ;
;     normal            ; 121                         ;
;         1 data inputs ; 1                           ;
;         2 data inputs ; 5                           ;
;         3 data inputs ; 8                           ;
;         4 data inputs ; 22                          ;
;         5 data inputs ; 2                           ;
;         6 data inputs ; 83                          ;
; arriav_mac            ; 1                           ;
; boundary_port         ; 13                          ;
; stratixv_ram_block    ; 256                         ;
;                       ;                             ;
; Max LUT depth         ; 3.80                        ;
; Average LUT depth     ; 2.59                        ;
+-----------------------+-----------------------------+


+-------------------------------+
; Elapsed Time Per Partition    ;
+----------------+--------------+
; Partition Name ; Elapsed Time ;
+----------------+--------------+
; Top            ; 00:00:00     ;
+----------------+--------------+


+-------------------------------+
; Analysis & Synthesis Messages ;
+-------------------------------+
Info: *******************************************************************
Info: Running Quartus Prime Analysis & Synthesis
    Info: Version 20.1.1 Build 720 11/11/2020 SJ Lite Edition
    Info: Processing started: Fri Aug 15 18:12:56 2025
Info: Command: quartus_map --read_settings_files=on --write_settings_files=off VGAController -c VGAController
Warning (18236): Number of processors has not been specified which may cause overloading on shared machines.  Set the global assignment NUM_PARALLEL_PROCESSORS in your QSF to an appropriate value for best performance.
Info (20030): Parallel compilation is enabled and will use 4 of the 4 processors detected
Info (12021): Found 1 design units, including 1 entities, in source file /verilognew/vgacontroller/src/sync.v
    Info (12023): Found entity 1: sync File: C:/VerilogNew/VGAController/src/sync.v Line: 6
Info (12021): Found 1 design units, including 1 entities, in source file /verilognew/vgacontroller/src/counter2bit.v
    Info (12023): Found entity 1: counter2bit File: C:/VerilogNew/VGAController/src/counter2bit.v Line: 8
Info (12021): Found 1 design units, including 1 entities, in source file /verilognew/vgacontroller/src/clock25mgenerator.v
    Info (12023): Found entity 1: clock25MGenerator File: C:/VerilogNew/VGAController/src/clock25MGenerator.v Line: 6
Info (12021): Found 1 design units, including 1 entities, in source file /verilognew/vgacontroller/src/horizontal_counter.v
    Info (12023): Found entity 1: horizontal_counter File: C:/VerilogNew/VGAController/src/horizontal_counter.v Line: 6
Info (12021): Found 1 design units, including 1 entities, in source file /verilognew/vgacontroller/src/vertical_counter.v
    Info (12023): Found entity 1: vertical_counter File: C:/VerilogNew/VGAController/src/vertical_counter.v Line: 6
Info (12021): Found 1 design units, including 1 entities, in source file /verilognew/vgacontroller/src/horz_sync_generator.v
    Info (12023): Found entity 1: horz_sync_generator File: C:/VerilogNew/VGAController/src/horz_sync_generator.v Line: 6
Info (12021): Found 1 design units, including 1 entities, in source file /verilognew/vgacontroller/src/vert_sync_generator.v
    Info (12023): Found entity 1: vert_sync_generator File: C:/VerilogNew/VGAController/src/vert_sync_generator.v Line: 6
Info (12021): Found 1 design units, including 1 entities, in source file /verilognew/vgacontroller/src/x_y_pixelgenerator.v
    Info (12023): Found entity 1: x_y_pixelGenerator File: C:/VerilogNew/VGAController/src/x_y_pixelGenerator.v Line: 6
Info (12021): Found 1 design units, including 1 entities, in source file /verilognew/vgacontroller/src/rom.v
    Info (12023): Found entity 1: rom File: C:/VerilogNew/VGAController/src/rom.v Line: 6
Info (12021): Found 1 design units, including 1 entities, in source file /verilognew/vgacontroller/src/vga_controller.v
    Info (12023): Found entity 1: vga_controller File: C:/VerilogNew/VGAController/src/vga_controller.v Line: 8
Info (12127): Elaborating entity "vga_controller" for the top level hierarchy
Info (12128): Elaborating entity "clock25MGenerator" for hierarchy "clock25MGenerator:clock25M" File: C:/VerilogNew/VGAController/src/vga_controller.v Line: 49
Warning (10230): Verilog HDL assignment warning at clock25MGenerator.v(24): truncated value with size 32 to match size of target (2) File: C:/VerilogNew/VGAController/src/clock25MGenerator.v Line: 24
Info (12128): Elaborating entity "horizontal_counter" for hierarchy "horizontal_counter:horzCounter" File: C:/VerilogNew/VGAController/src/vga_controller.v Line: 50
Warning (10230): Verilog HDL assignment warning at horizontal_counter.v(24): truncated value with size 32 to match size of target (10) File: C:/VerilogNew/VGAController/src/horizontal_counter.v Line: 24
Info (12128): Elaborating entity "vertical_counter" for hierarchy "vertical_counter:vertCounter" File: C:/VerilogNew/VGAController/src/vga_controller.v Line: 51
Warning (10230): Verilog HDL assignment warning at vertical_counter.v(23): truncated value with size 32 to match size of target (10) File: C:/VerilogNew/VGAController/src/vertical_counter.v Line: 23
Info (12128): Elaborating entity "horz_sync_generator" for hierarchy "horz_sync_generator:horzSYNC" File: C:/VerilogNew/VGAController/src/vga_controller.v Line: 52
Warning (10240): Verilog HDL Always Construct warning at horz_sync_generator.v(13): inferring latch(es) for variable "hSYNC", which holds its previous value in one or more paths through the always construct File: C:/VerilogNew/VGAController/src/horz_sync_generator.v Line: 13
Info (10041): Inferred latch for "hSYNC" at horz_sync_generator.v(14) File: C:/VerilogNew/VGAController/src/horz_sync_generator.v Line: 14
Info (12128): Elaborating entity "vert_sync_generator" for hierarchy "vert_sync_generator:vertSYNC" File: C:/VerilogNew/VGAController/src/vga_controller.v Line: 53
Warning (10240): Verilog HDL Always Construct warning at vert_sync_generator.v(14): inferring latch(es) for variable "vSYNC", which holds its previous value in one or more paths through the always construct File: C:/VerilogNew/VGAController/src/vert_sync_generator.v Line: 14
Info (10041): Inferred latch for "vSYNC" at vert_sync_generator.v(15) File: C:/VerilogNew/VGAController/src/vert_sync_generator.v Line: 15
Info (12128): Elaborating entity "x_y_pixelGenerator" for hierarchy "x_y_pixelGenerator:x_y_pixels" File: C:/VerilogNew/VGAController/src/vga_controller.v Line: 58
Info (12128): Elaborating entity "rom" for hierarchy "rom:rom_initdata" File: C:/VerilogNew/VGAController/src/vga_controller.v Line: 63
Warning (10858): Verilog HDL warning at rom.v(27): object mem used but never assigned File: C:/VerilogNew/VGAController/src/rom.v Line: 27
Warning (10230): Verilog HDL assignment warning at rom.v(70): truncated value with size 32 to match size of target (18) File: C:/VerilogNew/VGAController/src/rom.v Line: 70
Warning (10240): Verilog HDL Always Construct warning at rom.v(41): inferring latch(es) for variable "image_offset", which holds its previous value in one or more paths through the always construct File: C:/VerilogNew/VGAController/src/rom.v Line: 41
Info (10041): Inferred latch for "image_offset[0]" at rom.v(41) File: C:/VerilogNew/VGAController/src/rom.v Line: 41
Info (10041): Inferred latch for "image_offset[1]" at rom.v(41) File: C:/VerilogNew/VGAController/src/rom.v Line: 41
Info (10041): Inferred latch for "image_offset[2]" at rom.v(41) File: C:/VerilogNew/VGAController/src/rom.v Line: 41
Info (10041): Inferred latch for "image_offset[3]" at rom.v(41) File: C:/VerilogNew/VGAController/src/rom.v Line: 41
Info (10041): Inferred latch for "image_offset[4]" at rom.v(41) File: C:/VerilogNew/VGAController/src/rom.v Line: 41
Info (10041): Inferred latch for "image_offset[5]" at rom.v(41) File: C:/VerilogNew/VGAController/src/rom.v Line: 41
Info (10041): Inferred latch for "image_offset[6]" at rom.v(41) File: C:/VerilogNew/VGAController/src/rom.v Line: 41
Info (10041): Inferred latch for "image_offset[7]" at rom.v(41) File: C:/VerilogNew/VGAController/src/rom.v Line: 41
Info (10041): Inferred latch for "image_offset[8]" at rom.v(41) File: C:/VerilogNew/VGAController/src/rom.v Line: 41
Info (10041): Inferred latch for "image_offset[9]" at rom.v(41) File: C:/VerilogNew/VGAController/src/rom.v Line: 41
Info (10041): Inferred latch for "image_offset[10]" at rom.v(41) File: C:/VerilogNew/VGAController/src/rom.v Line: 41
Info (10041): Inferred latch for "image_offset[11]" at rom.v(41) File: C:/VerilogNew/VGAController/src/rom.v Line: 41
Info (10041): Inferred latch for "image_offset[12]" at rom.v(41) File: C:/VerilogNew/VGAController/src/rom.v Line: 41
Info (10041): Inferred latch for "image_offset[13]" at rom.v(41) File: C:/VerilogNew/VGAController/src/rom.v Line: 41
Info (10041): Inferred latch for "image_offset[14]" at rom.v(41) File: C:/VerilogNew/VGAController/src/rom.v Line: 41
Info (10041): Inferred latch for "image_offset[15]" at rom.v(41) File: C:/VerilogNew/VGAController/src/rom.v Line: 41
Info (10041): Inferred latch for "image_offset[16]" at rom.v(41) File: C:/VerilogNew/VGAController/src/rom.v Line: 41
Info (12128): Elaborating entity "sync" for hierarchy "sync:pb_sync" File: C:/VerilogNew/VGAController/src/vga_controller.v Line: 70
Info (12128): Elaborating entity "counter2bit" for hierarchy "counter2bit:counter" File: C:/VerilogNew/VGAController/src/vga_controller.v Line: 71
Warning (10230): Verilog HDL assignment warning at counter2bit.v(25): truncated value with size 32 to match size of target (2) File: C:/VerilogNew/VGAController/src/counter2bit.v Line: 25
Info (19000): Inferred 1 megafunctions from design logic
    Info (276029): Inferred altsyncram megafunction from the following design logic: "rom:rom_initdata|mem_rtl_0" 
        Info (286033): Parameter OPERATION_MODE set to ROM
        Info (286033): Parameter WIDTH_A set to 8
        Info (286033): Parameter WIDTHAD_A set to 18
        Info (286033): Parameter NUMWORDS_A set to 262144
        Info (286033): Parameter OUTDATA_REG_A set to UNREGISTERED
        Info (286033): Parameter ADDRESS_ACLR_A set to NONE
        Info (286033): Parameter OUTDATA_ACLR_A set to NONE
        Info (286033): Parameter INDATA_ACLR_A set to NONE
        Info (286033): Parameter WRCONTROL_ACLR_A set to NONE
        Info (286033): Parameter INIT_FILE set to ../sim/bitmap/many_photos.mif
Info (12130): Elaborated megafunction instantiation "rom:rom_initdata|altsyncram:mem_rtl_0"
Info (12133): Instantiated megafunction "rom:rom_initdata|altsyncram:mem_rtl_0" with the following parameter:
    Info (12134): Parameter "OPERATION_MODE" = "ROM"
    Info (12134): Parameter "WIDTH_A" = "8"
    Info (12134): Parameter "WIDTHAD_A" = "18"
    Info (12134): Parameter "NUMWORDS_A" = "262144"
    Info (12134): Parameter "OUTDATA_REG_A" = "UNREGISTERED"
    Info (12134): Parameter "ADDRESS_ACLR_A" = "NONE"
    Info (12134): Parameter "OUTDATA_ACLR_A" = "NONE"
    Info (12134): Parameter "INDATA_ACLR_A" = "NONE"
    Info (12134): Parameter "WRCONTROL_ACLR_A" = "NONE"
    Info (12134): Parameter "INIT_FILE" = "../sim/bitmap/many_photos.mif"
Info (12021): Found 1 design units, including 1 entities, in source file db/altsyncram_l9d1.tdf
    Info (12023): Found entity 1: altsyncram_l9d1 File: C:/VerilogNew/VGAController/par/db/altsyncram_l9d1.tdf Line: 30
Info (12021): Found 1 design units, including 1 entities, in source file db/mux_chb.tdf
    Info (12023): Found entity 1: mux_chb File: C:/VerilogNew/VGAController/par/db/mux_chb.tdf Line: 23
Info (286030): Timing-Driven Synthesis is running
Info (16010): Generating hard_block partition "hard_block:auto_generated_inst"
    Info (16011): Adding 0 node(s), including 0 DDIO, 0 PLL, 0 transceiver and 0 LCELL
Info (21057): Implemented 477 device resources after synthesis - the final resource count might be different
    Info (21058): Implemented 3 input pins
    Info (21059): Implemented 10 output pins
    Info (21061): Implemented 207 logic cells
    Info (21064): Implemented 256 RAM segments
    Info (21062): Implemented 1 DSP elements
Info: Quartus Prime Analysis & Synthesis was successful. 0 errors, 10 warnings
    Info: Peak virtual memory: 4836 megabytes
    Info: Processing ended: Fri Aug 15 18:13:06 2025
    Info: Elapsed time: 00:00:10
    Info: Total CPU time (on all processors): 00:00:21


